<?xml version="1.0" encoding="UTF-8"?>
<!-- Generated by org.testng.reporters.JUnitXMLReporter -->
<testsuite hostname="DESKTOP-2FK3MFC" ignored="0" name="Default test" tests="4" failures="0" timestamp="2020-05-11T20:09:52 IST" time="34.823" errors="0">
  <testcase name="checkTitle" time="0.022" classname="com.testng.test.TestNG"/>
  <testcase name="login" time="10.273" classname="com.testng.test.TestNG"/>
  <testcase name="clickAddEmployee" time="6.66" classname="com.testng.test.TestNG"/>
  <testcase name="UploadFile" time="9.865" classname="com.testng.test.TestNG"/>
</testsuite> <!-- Default test -->
