<?xml version="1.0" encoding="UTF-8"?>
<!-- Generated by org.testng.reporters.JUnitXMLReporter -->
<testsuite hostname="DESKTOP-2FK3MFC" ignored="0" name="Default test(failed)" tests="4" failures="0" timestamp="2020-05-11T11:32:13 IST" time="44.553" errors="0">
  <testcase name="checkTitle" time="0.024" classname="com.testng.test.TestNG"/>
  <testcase name="login" time="13.501" classname="com.testng.test.TestNG"/>
  <testcase name="clickAddEmployee" time="10.504" classname="com.testng.test.TestNG"/>
  <testcase name="UploadFile" time="9.398" classname="com.testng.test.TestNG"/>
</testsuite> <!-- Default test(failed) -->
