<?xml version="1.0" encoding="UTF-8"?>
<testng-results skipped="0" failed="0" ignored="0" total="4" passed="4">
  <reporter-output>
  </reporter-output>
  <suite name="Default suite" duration-ms="34823" started-at="2020-05-11T20:09:17 IST" finished-at="2020-05-11T20:09:52 IST">
    <groups>
      <group name="Add Employee">
        <method signature="TestNG.clickAddEmployee()[pri:3, instance:com.testng.test.TestNG@3701eaf6]" name="clickAddEmployee" class="com.testng.test.TestNG"/>
      </group> <!-- Add Employee -->
      <group name="Login">
        <method signature="TestNG.login()[pri:2, instance:com.testng.test.TestNG@3701eaf6]" name="login" class="com.testng.test.TestNG"/>
      </group> <!-- Login -->
      <group name="Check Title">
        <method signature="TestNG.checkTitle()[pri:1, instance:com.testng.test.TestNG@3701eaf6]" name="checkTitle" class="com.testng.test.TestNG"/>
      </group> <!-- Check Title -->
      <group name="Upload file">
        <method signature="TestNG.UploadFile()[pri:4, instance:com.testng.test.TestNG@3701eaf6]" name="UploadFile" class="com.testng.test.TestNG"/>
      </group> <!-- Upload file -->
    </groups>
    <test name="Default test" duration-ms="34823" started-at="2020-05-11T20:09:17 IST" finished-at="2020-05-11T20:09:52 IST">
      <class name="com.testng.test.TestNG">
        <test-method status="PASS" signature="openChrome()[pri:0, instance:com.testng.test.TestNG@3701eaf6]" name="openChrome" is-config="true" duration-ms="7928" started-at="2020-05-11T20:09:17 IST" finished-at="2020-05-11T20:09:25 IST">
          <reporter-output>
          </reporter-output>
        </test-method> <!-- openChrome -->
        <test-method status="PASS" signature="checkTitle()[pri:1, instance:com.testng.test.TestNG@3701eaf6]" name="checkTitle" duration-ms="22" started-at="2020-05-11T20:09:25 IST" finished-at="2020-05-11T20:09:25 IST">
          <reporter-output>
          </reporter-output>
        </test-method> <!-- checkTitle -->
        <test-method status="PASS" signature="login()[pri:2, instance:com.testng.test.TestNG@3701eaf6]" name="login" duration-ms="10273" started-at="2020-05-11T20:09:25 IST" finished-at="2020-05-11T20:09:35 IST">
          <reporter-output>
          </reporter-output>
        </test-method> <!-- login -->
        <test-method status="PASS" signature="clickAddEmployee()[pri:3, instance:com.testng.test.TestNG@3701eaf6]" name="clickAddEmployee" duration-ms="6660" started-at="2020-05-11T20:09:35 IST" depends-on-methods="com.testng.test.TestNG.login" finished-at="2020-05-11T20:09:42 IST">
          <reporter-output>
          </reporter-output>
        </test-method> <!-- clickAddEmployee -->
        <test-method status="PASS" signature="UploadFile()[pri:4, instance:com.testng.test.TestNG@3701eaf6]" name="UploadFile" duration-ms="9865" started-at="2020-05-11T20:09:42 IST" depends-on-methods="com.testng.test.TestNG.login" finished-at="2020-05-11T20:09:52 IST">
          <reporter-output>
          </reporter-output>
        </test-method> <!-- UploadFile -->
        <test-method status="PASS" signature="closeBrowser()[pri:0, instance:com.testng.test.TestNG@3701eaf6]" name="closeBrowser" is-config="true" duration-ms="2111" started-at="2020-05-11T20:09:52 IST" finished-at="2020-05-11T20:09:54 IST">
          <reporter-output>
          </reporter-output>
        </test-method> <!-- closeBrowser -->
      </class> <!-- com.testng.test.TestNG -->
    </test> <!-- Default test -->
  </suite> <!-- Default suite -->
</testng-results>
